ChangeType;ModelSize;UserSize;NumberOfLegs;ExecutionTime(nano)
AddSignal;1;1;2;369024
DeleteSignal;1;1;2;1289710
AddConsumeReference;1;1;2;135122
DeleteConsumeReference;1;1;2;221719
AddSignal;1;2;3;551945
DeleteSignal;1;2;3;285050
AddConsumeReference;1;2;3;104283
DeleteConsumeReference;1;2;3;283635
AddSignal;1;4;5;281679
DeleteSignal;1;4;5;296765
AddConsumeReference;1;4;5;222760
DeleteConsumeReference;1;4;5;232886
AddSignal;2;1;2;257099
DeleteSignal;2;1;2;401984
AddConsumeReference;2;1;2;200795
DeleteConsumeReference;2;1;2;468362
AddSignal;2;2;3;403679
DeleteSignal;2;2;3;615321
AddConsumeReference;2;2;3;243272
DeleteConsumeReference;2;2;3;175107
AddSignal;2;4;5;235838
DeleteSignal;2;4;5;349796
AddConsumeReference;2;4;5;5841
DeleteConsumeReference;2;4;5;172283
AddSignal;2;8;9;161196
DeleteSignal;2;8;9;252113
AddConsumeReference;2;8;9;99121
DeleteConsumeReference;2;8;9;140339
AddSignal;4;1;2;408026
DeleteSignal;4;1;2;319437
AddConsumeReference;4;1;2;154992
DeleteConsumeReference;4;1;2;101924
AddSignal;4;2;3;273576
DeleteSignal;4;2;3;176582
AddConsumeReference;4;2;3;76038
DeleteConsumeReference;4;2;3;116268
AddSignal;4;4;5;140284
DeleteSignal;4;4;5;272042
AddConsumeReference;4;4;5;61369
DeleteConsumeReference;4;4;5;89852
AddSignal;4;8;9;88074
DeleteSignal;4;8;9;444717
AddConsumeReference;4;8;9;84271
DeleteConsumeReference;4;8;9;287810
AddSignal;4;16;17;150922
DeleteSignal;4;16;17;159362
AddConsumeReference;4;16;17;59561
DeleteConsumeReference;4;16;17;86005
AddSignal;8;1;2;112594
DeleteSignal;8;1;2;308202
AddConsumeReference;8;1;2;107774
DeleteConsumeReference;8;1;2;87397
AddSignal;8;2;3;178853
DeleteSignal;8;2;3;247595
AddConsumeReference;8;2;3;56056
DeleteConsumeReference;8;2;3;84639
AddSignal;8;4;5;123467
DeleteSignal;8;4;5;374349
AddConsumeReference;8;4;5;86059
DeleteConsumeReference;8;4;5;108607
AddSignal;8;8;9;128075
DeleteSignal;8;8;9;135717
AddConsumeReference;8;8;9;55963
DeleteConsumeReference;8;8;9;116626
AddSignal;8;16;17;77130
DeleteSignal;8;16;17;237203
AddConsumeReference;8;16;17;52866
DeleteConsumeReference;8;16;17;83521
AddSignal;8;32;33;79229
DeleteSignal;8;32;33;160890
AddConsumeReference;8;32;33;55802
DeleteConsumeReference;8;32;33;86150
AddSignal;16;1;2;81126
DeleteSignal;16;1;2;159545
AddConsumeReference;16;1;2;49062
DeleteConsumeReference;16;1;2;76487
AddSignal;16;2;3;71400
DeleteSignal;16;2;3;126382
AddConsumeReference;16;2;3;48961
DeleteConsumeReference;16;2;3;76274
AddSignal;16;4;5;75033
DeleteSignal;16;4;5;132007
AddConsumeReference;16;4;5;56439
DeleteConsumeReference;16;4;5;87383
AddSignal;16;8;9;73401
DeleteSignal;16;8;9;136057
AddConsumeReference;16;8;9;52827
DeleteConsumeReference;16;8;9;85665
AddSignal;16;16;17;76922
DeleteSignal;16;16;17;154826
AddConsumeReference;16;16;17;55799
DeleteConsumeReference;16;16;17;141046
AddSignal;16;32;33;166635
DeleteSignal;16;32;33;150589
AddConsumeReference;16;32;33;148002
DeleteConsumeReference;16;32;33;77061
AddSignal;16;64;65;76440
DeleteSignal;16;64;65;273822
AddConsumeReference;16;64;65;52130
DeleteConsumeReference;16;64;65;78529
AddSignal;32;1;2;149361
DeleteSignal;32;1;2;137870
AddConsumeReference;32;1;2;103534
DeleteConsumeReference;32;1;2;78150
AddSignal;32;2;3;72817
DeleteSignal;32;2;3;274078
AddConsumeReference;32;2;3;50702
DeleteConsumeReference;32;2;3;75097
AddSignal;32;4;5;96875
DeleteSignal;32;4;5;322125
AddConsumeReference;32;4;5;106005
DeleteConsumeReference;32;4;5;77405
AddSignal;32;8;9;78839
DeleteSignal;32;8;9;133412
AddConsumeReference;32;8;9;52298
DeleteConsumeReference;32;8;9;80576
AddSignal;32;16;17;215808
DeleteSignal;32;16;17;131956
AddConsumeReference;32;16;17;58318
DeleteConsumeReference;32;16;17;176012
AddSignal;32;32;33;78445
DeleteSignal;32;32;33;130128
AddConsumeReference;32;32;33;56380
DeleteConsumeReference;32;32;33;79350
AddSignal;32;64;65;80999
DeleteSignal;32;64;65;274073
AddConsumeReference;32;64;65;52919
DeleteConsumeReference;32;64;65;77164
AddSignal;32;128;129;79620
DeleteSignal;32;128;129;182419
AddConsumeReference;32;128;129;53020
DeleteConsumeReference;32;128;129;77649
AddSignal;64;1;2;79102
DeleteSignal;64;1;2;169190
AddConsumeReference;64;1;2;54587
DeleteConsumeReference;64;1;2;80761
AddSignal;64;2;3;77020
DeleteSignal;64;2;3;130234
AddConsumeReference;64;2;3;50408
DeleteConsumeReference;64;2;3;84455
AddSignal;64;4;5;169306
DeleteSignal;64;4;5;130450
AddConsumeReference;64;4;5;54723
DeleteConsumeReference;64;4;5;80744
AddSignal;64;8;9;77954
DeleteSignal;64;8;9;132504
AddConsumeReference;64;8;9;64143
DeleteConsumeReference;64;8;9;88601
AddSignal;64;16;17;79565
DeleteSignal;64;16;17;292220
AddConsumeReference;64;16;17;57409
DeleteConsumeReference;64;16;17;95896
AddSignal;64;32;33;157635
DeleteSignal;64;32;33;131915
AddConsumeReference;64;32;33;52287
DeleteConsumeReference;64;32;33;79118
AddSignal;64;64;65;76775
DeleteSignal;64;64;65;128772
AddConsumeReference;64;64;65;51641
DeleteConsumeReference;64;64;65;77771
AddSignal;128;1;2;289096
DeleteSignal;128;1;2;891790
AddConsumeReference;128;1;2;106451
DeleteConsumeReference;128;1;2;377567
AddSignal;128;2;3;115609
DeleteSignal;128;2;3;1210291
AddConsumeReference;128;2;3;82752
DeleteConsumeReference;128;2;3;181186
AddSignal;128;4;5;128356
DeleteSignal;128;4;5;298740
AddConsumeReference;128;4;5;51146
DeleteConsumeReference;128;4;5;174044
AddSignal;128;8;9;69861
DeleteSignal;128;8;9;638570
AddConsumeReference;128;8;9;51050
DeleteConsumeReference;128;8;9;85890
AddSignal;128;16;17;70548
DeleteSignal;128;16;17;213392
AddConsumeReference;128;16;17;74333
DeleteConsumeReference;128;16;17;121937
AddSignal;128;32;33;74726
DeleteSignal;128;32;33;203017
AddConsumeReference;128;32;33;42855
DeleteConsumeReference;128;32;33;90071
AddSignal;128;64;65;145566
DeleteSignal;128;64;65;131770
AddConsumeReference;128;64;65;49098
DeleteConsumeReference;128;64;65;77288
AddSignal;256;1;2;233245
DeleteSignal;256;1;2;907338
AddConsumeReference;256;1;2;149545
DeleteConsumeReference;256;1;2;724885
AddSignal;256;2;3;147327
DeleteSignal;256;2;3;1139457
AddConsumeReference;256;2;3;50516
DeleteConsumeReference;256;2;3;126776
AddSignal;256;4;5;300639
DeleteSignal;256;4;5;243531
AddConsumeReference;256;4;5;50224
DeleteConsumeReference;256;4;5;83005
AddSignal;256;8;9;283580
DeleteSignal;256;8;9;211150
AddConsumeReference;256;8;9;47593
DeleteConsumeReference;256;8;9;84091
AddSignal;256;16;17;72154
DeleteSignal;256;16;17;254406
AddConsumeReference;256;16;17;53740
DeleteConsumeReference;256;16;17;102022
AddSignal;256;32;33;80394
DeleteSignal;256;32;33;347846
AddConsumeReference;256;32;33;106811
DeleteConsumeReference;256;32;33;579855
